0 info it worked if it ends with ok
1 verbose cli [ '/Users/johel/.nvm/v0.10.35/bin/node',
1 verbose cli   '/Users/johel/.nvm/v0.10.35/bin/npm',
1 verbose cli   'cache',
1 verbose cli   'clean' ]
2 info using npm@1.4.28
3 info using node@v0.10.35
4 error Error: EACCES, unlink '/Users/johel/.npm/ansicolors/0.2.1'
4 error  { [Error: EACCES, unlink '/Users/johel/.npm/ansicolors/0.2.1']
4 error   errno: 3,
4 error   code: 'EACCES',
4 error   path: '/Users/johel/.npm/ansicolors/0.2.1' }
5 error Please try running this command again as root/Administrator.
6 error System Darwin 14.3.0
7 error command "/Users/johel/.nvm/v0.10.35/bin/node" "/Users/johel/.nvm/v0.10.35/bin/npm" "cache" "clean"
8 error cwd /Users/johel/Documents/workspace/materialism-1.0.0
9 error node -v v0.10.35
10 error npm -v 1.4.28
11 error path /Users/johel/.npm/ansicolors/0.2.1
12 error code EACCES
13 error errno 3
14 error stack Error: EACCES, unlink '/Users/johel/.npm/ansicolors/0.2.1'
15 verbose exit [ 3, true ]
